<?xml version="1.0" encoding="UTF-8"?>
<testsuite xmlns:xsi="http://www.w3.org/2001/XMLSchema-instance" xsi:noNamespaceSchemaLocation="https://maven.apache.org/surefire/maven-surefire-plugin/xsd/surefire-test-report.xsd" version="3.0.2" name="com.example.seletivo.SeletivoApplicationTests" time="40.717" tests="1" errors="0" skipped="0" failures="0">
  <properties>
[...]
</properties>
  <testcase name="contextLoads" classname="com.example.seletivo.SeletivoApplicationTests" time="1.962">
    <system-out><![CDATA[17:52:20.296 [main] INFO org.springframework.test.context.support.AnnotationConfigContextLoaderUtils -- Could not detect default configuration classes for test class [com.example.seletivo.SeletivoApplicationTests]: SeletivoApplicationTests does not declare any static, non-private, non-final, nested classes annotated with @Configuration.
17:52:21.373 [main] INFO org.springframework.boot.test.context.SpringBootTestContextBootstrapper -- Found @SpringBootConfiguration com.example.seletivo.SeletivoApplication for test class com.example.seletivo.SeletivoApplicationTests

  .   ____          _            __ _ _
 /\\ / ___'_ __ _ _(_)_ __  __ _ \ \ \ \
( ( )\___ | '_ | '_| | '_ \/ _` | \ \ \ \
 \\/  ___)| |_)| | | | | || (_| |  ) ) ) )
  '  |____| .__|_| |_|_| |_\__, | / / / /
 =========|_|==============|___/=/_/_/_/

 :: Spring Boot ::                (v3.4.4)

2025-04-01T17:52:24.315-04:00  INFO 28676 --- [seletivo] [           main] c.e.seletivo.SeletivoApplicationTests    : Starting SeletivoApplicationTests using Java 17.0.12 with PID 28676 (started by Administrador in C:\Des\WorkSpace\seletivo)
2025-04-01T17:52:24.320-04:00  INFO 28676 --- [seletivo] [           main] c.e.seletivo.SeletivoApplicationTests    : No active profile set, falling back to 1 default profile: "default"
2025-04-01T17:52:29.591-04:00  INFO 28676 --- [seletivo] [           main] .s.d.r.c.RepositoryConfigurationDelegate : Bootstrapping Spring Data JPA repositories in DEFAULT mode.
2025-04-01T17:52:30.208-04:00  INFO 28676 --- [seletivo] [           main] .s.d.r.c.RepositoryConfigurationDelegate : Finished Spring Data repository scanning in 559 ms. Found 9 JPA repository interfaces.
2025-04-01T17:52:33.266-04:00  INFO 28676 --- [seletivo] [           main] o.hibernate.jpa.internal.util.LogHelper  : HHH000204: Processing PersistenceUnitInfo [name: default]
2025-04-01T17:52:33.688-04:00  INFO 28676 --- [seletivo] [           main] org.hibernate.Version                    : HHH000412: Hibernate ORM core version 6.6.11.Final
2025-04-01T17:52:34.024-04:00  INFO 28676 --- [seletivo] [           main] o.h.c.internal.RegionFactoryInitiator    : HHH000026: Second-level cache disabled
2025-04-01T17:52:36.038-04:00  INFO 28676 --- [seletivo] [           main] o.s.o.j.p.SpringPersistenceUnitInfo      : No LoadTimeWeaver setup: ignoring JPA class transformer
2025-04-01T17:52:36.470-04:00  INFO 28676 --- [seletivo] [           main] com.zaxxer.hikari.HikariDataSource       : HikariPool-1 - Starting...
2025-04-01T17:52:37.665-04:00  INFO 28676 --- [seletivo] [           main] com.zaxxer.hikari.pool.HikariPool        : HikariPool-1 - Added connection org.postgresql.jdbc.PgConnection@23c05889
2025-04-01T17:52:37.671-04:00  INFO 28676 --- [seletivo] [           main] com.zaxxer.hikari.HikariDataSource       : HikariPool-1 - Start completed.
2025-04-01T17:52:37.857-04:00  WARN 28676 --- [seletivo] [           main] org.hibernate.orm.deprecation            : HHH90000025: PostgreSQLDialect does not need to be specified explicitly using 'hibernate.dialect' (remove the property setting and it will be selected by default)
2025-04-01T17:52:38.006-04:00  INFO 28676 --- [seletivo] [           main] org.hibernate.orm.connections.pooling    : HHH10001005: Database info:
	Database JDBC URL [Connecting through datasource 'HikariDataSource (HikariPool-1)']
	Database driver: undefined/unknown
	Database version: 17.4
	Autocommit mode: undefined/unknown
	Isolation level: undefined/unknown
	Minimum pool size: undefined/unknown
	Maximum pool size: undefined/unknown
2025-04-01T17:52:42.469-04:00  INFO 28676 --- [seletivo] [           main] o.h.e.t.j.p.i.JtaPlatformInitiator       : HHH000489: No JTA platform available (set 'hibernate.transaction.jta.platform' to enable JTA platform integration)
2025-04-01T17:52:43.274-04:00  INFO 28676 --- [seletivo] [           main] j.LocalContainerEntityManagerFactoryBean : Initialized JPA EntityManagerFactory for persistence unit 'default'
2025-04-01T17:52:44.964-04:00  INFO 28676 --- [seletivo] [           main] r$InitializeUserDetailsManagerConfigurer : Global AuthenticationManager configured with UserDetailsService bean with name userDetailsServiceImpl
2025-04-01T17:52:45.422-04:00  INFO 28676 --- [seletivo] [           main] o.s.d.j.r.query.QueryEnhancerFactory     : Hibernate is in classpath; If applicable, HQL parser will be used.
2025-04-01T17:52:53.048-04:00  WARN 28676 --- [seletivo] [           main] JpaBaseConfiguration$JpaWebConfiguration : spring.jpa.open-in-view is enabled by default. Therefore, database queries may be performed during view rendering. Explicitly configure spring.jpa.open-in-view to disable this warning
2025-04-01T17:52:55.121-04:00 DEBUG 28676 --- [seletivo] [           main] o.s.s.web.DefaultSecurityFilterChain     : Will secure any request with filters: DisableEncodeUrlFilter, WebAsyncManagerIntegrationFilter, SecurityContextHolderFilter, HeaderWriterFilter, CorsFilter, LogoutFilter, JwtAuthenticationFilter, RequestCacheAwareFilter, SecurityContextHolderAwareRequestFilter, AnonymousAuthenticationFilter, SessionManagementFilter, ExceptionTranslationFilter, AuthorizationFilter
2025-04-01T17:52:57.499-04:00  INFO 28676 --- [seletivo] [           main] c.e.seletivo.SeletivoApplicationTests    : Started SeletivoApplicationTests in 34.661 seconds (process running for 41.036)
]]></system-out>
  </testcase>
</testsuite>